<?xml version="1.0" encoding="UTF-8"?>
<coverage generated="1777669556030" clover="3.2.0">
  <project timestamp="1777669556030" name="All files">
    <metrics statements="12" coveredstatements="12" conditionals="19" coveredconditionals="17" methods="4" coveredmethods="4" elements="35" coveredelements="33" complexity="0" loc="12" ncloc="12" packages="1" files="3" classes="3"/>
    <file name="morning-card.tsx" path="/home/sonu/projects/indian-stock-analyzer/frontend/components/morning-card.tsx">
      <metrics statements="4" coveredstatements="4" conditionals="0" coveredconditionals="0" methods="1" coveredmethods="1"/>
      <line num="3" count="1" type="stmt"/>
      <line num="9" count="1" type="stmt"/>
      <line num="16" count="6" type="stmt"/>
      <line num="17" count="6" type="stmt"/>
    </file>
    <file name="signal-badge.tsx" path="/home/sonu/projects/indian-stock-analyzer/frontend/components/signal-badge.tsx">
      <metrics statements="3" coveredstatements="3" conditionals="0" coveredconditionals="0" methods="1" coveredmethods="1"/>
      <line num="3" count="2" type="stmt"/>
      <line num="9" count="2" type="stmt"/>
      <line num="16" count="10" type="stmt"/>
    </file>
    <file name="verdict-card.tsx" path="/home/sonu/projects/indian-stock-analyzer/frontend/components/verdict-card.tsx">
      <metrics statements="5" coveredstatements="5" conditionals="19" coveredconditionals="17" methods="2" coveredmethods="2"/>
      <line num="5" count="15" type="cond" truecount="1" falsecount="1"/>
      <line num="6" count="15" type="stmt"/>
      <line num="10" count="7" type="stmt"/>
      <line num="11" count="7" type="cond" truecount="2" falsecount="0"/>
      <line num="13" count="7" type="stmt"/>
    </file>
  </project>
</coverage>
