{"/home/sonu/projects/indian-stock-analyzer/frontend/components/morning-card.tsx": {"path":"/home/sonu/projects/indian-stock-analyzer/frontend/components/morning-card.tsx","statementMap":{"0":{"start":{"line":3,"column":60},"end":{"line":7,"column":1}},"1":{"start":{"line":9,"column":58},"end":{"line":13,"column":1}},"2":{"start":{"line":16,"column":17},"end":{"line":16,"column":44}},"3":{"start":{"line":17,"column":2},"end":{"line":37,"column":3}}},"fnMap":{"0":{"name":"MorningCard","decl":{"start":{"line":15,"column":24},"end":{"line":15,"column":35}},"loc":{"start":{"line":15,"column":72},"end":{"line":38,"column":1}},"line":15}},"branchMap":{},"s":{"0":1,"1":1,"2":6,"3":6},"f":{"0":6},"b":{},"_coverageSchema":"1a1c01bbd47fc00a2c39e90264f33305004495a9","hash":"a48da4b5e1f2bcbb6bfb27b195091e4a49a43427"}
,"/home/sonu/projects/indian-stock-analyzer/frontend/components/signal-badge.tsx": {"path":"/home/sonu/projects/indian-stock-analyzer/frontend/components/signal-badge.tsx","statementMap":{"0":{"start":{"line":3,"column":50},"end":{"line":7,"column":1}},"1":{"start":{"line":9,"column":48},"end":{"line":13,"column":1}},"2":{"start":{"line":16,"column":2},"end":{"line":23,"column":3}}},"fnMap":{"0":{"name":"SignalBadge","decl":{"start":{"line":15,"column":24},"end":{"line":15,"column":35}},"loc":{"start":{"line":15,"column":79},"end":{"line":24,"column":1}},"line":15}},"branchMap":{},"s":{"0":2,"1":2,"2":10},"f":{"0":10},"b":{},"_coverageSchema":"1a1c01bbd47fc00a2c39e90264f33305004495a9","hash":"b9735d32d7c5601672b615bc9493905403314e0d"}
,"/home/sonu/projects/indian-stock-analyzer/frontend/components/verdict-card.tsx": {"path":"/home/sonu/projects/indian-stock-analyzer/frontend/components/verdict-card.tsx","statementMap":{"0":{"start":{"line":5,"column":2},"end":{"line":5,"column":28}},"1":{"start":{"line":5,"column":18},"end":{"line":5,"column":28}},"2":{"start":{"line":6,"column":2},"end":{"line":6,"column":34}},"3":{"start":{"line":10,"column":17},"end":{"line":10,"column":44}},"4":{"start":{"line":11,"column":19},"end":{"line":11,"column":58}},"5":{"start":{"line":13,"column":2},"end":{"line":89,"column":3}}},"fnMap":{"0":{"name":"fmt","decl":{"start":{"line":4,"column":9},"end":{"line":4,"column":12}},"loc":{"start":{"line":4,"column":39},"end":{"line":7,"column":1}},"line":4},"1":{"name":"VerdictCard","decl":{"start":{"line":9,"column":24},"end":{"line":9,"column":35}},"loc":{"start":{"line":9,"column":74},"end":{"line":90,"column":1}},"line":9}},"branchMap":{"0":{"loc":{"start":{"line":5,"column":2},"end":{"line":5,"column":28}},"type":"if","locations":[{"start":{"line":5,"column":2},"end":{"line":5,"column":28}},{"start":{},"end":{}}],"line":5},"1":{"loc":{"start":{"line":11,"column":19},"end":{"line":11,"column":58}},"type":"binary-expr","locations":[{"start":{"line":11,"column":19},"end":{"line":11,"column":38}},{"start":{"line":11,"column":42},"end":{"line":11,"column":58}}],"line":11},"2":{"loc":{"start":{"line":28,"column":9},"end":{"line":38,"column":9}},"type":"cond-expr","locations":[{"start":{"line":29,"column":10},"end":{"line":35,"column":17}},{"start":{"line":37,"column":10},"end":{"line":37,"column":84}}],"line":28},"3":{"loc":{"start":{"line":43,"column":9},"end":{"line":50,"column":9}},"type":"binary-expr","locations":[{"start":{"line":43,"column":9},"end":{"line":43,"column":26}},{"start":{"line":44,"column":10},"end":{"line":49,"column":16}}],"line":43},"4":{"loc":{"start":{"line":52,"column":9},"end":{"line":59,"column":9}},"type":"binary-expr","locations":[{"start":{"line":52,"column":9},"end":{"line":52,"column":25}},{"start":{"line":53,"column":10},"end":{"line":58,"column":16}}],"line":52},"5":{"loc":{"start":{"line":61,"column":9},"end":{"line":68,"column":9}},"type":"binary-expr","locations":[{"start":{"line":61,"column":9},"end":{"line":61,"column":24}},{"start":{"line":62,"column":10},"end":{"line":67,"column":16}}],"line":61},"6":{"loc":{"start":{"line":72,"column":7},"end":{"line":87,"column":7}},"type":"binary-expr","locations":[{"start":{"line":72,"column":8},"end":{"line":72,"column":23}},{"start":{"line":72,"column":27},"end":{"line":72,"column":44}},{"start":{"line":73,"column":8},"end":{"line":86,"column":14}}],"line":72},"7":{"loc":{"start":{"line":74,"column":11},"end":{"line":79,"column":11}},"type":"binary-expr","locations":[{"start":{"line":74,"column":11},"end":{"line":74,"column":26}},{"start":{"line":75,"column":12},"end":{"line":78,"column":18}}],"line":74},"8":{"loc":{"start":{"line":80,"column":11},"end":{"line":85,"column":11}},"type":"binary-expr","locations":[{"start":{"line":80,"column":11},"end":{"line":80,"column":28}},{"start":{"line":81,"column":12},"end":{"line":84,"column":18}}],"line":80}},"s":{"0":15,"1":0,"2":15,"3":7,"4":7,"5":7},"f":{"0":15,"1":7},"b":{"0":[0,15],"1":[7,6],"2":[5,2],"3":[7,7],"4":[7,7],"5":[7,7],"6":[7,0,7],"7":[7,7],"8":[7,7]},"_coverageSchema":"1a1c01bbd47fc00a2c39e90264f33305004495a9","hash":"39d6ea1500cf6f1be1db50c97fe43f8ea3eb0e66"}
}
