TN:
SF:components/morning-card.tsx
FN:15,MorningCard
FNF:1
FNH:1
FNDA:6,MorningCard
DA:3,1
DA:9,1
DA:16,6
DA:17,6
LF:4
LH:4
BRF:0
BRH:0
end_of_record
TN:
SF:components/signal-badge.tsx
FN:15,SignalBadge
FNF:1
FNH:1
FNDA:10,SignalBadge
DA:3,2
DA:9,2
DA:16,10
LF:3
LH:3
BRF:0
BRH:0
end_of_record
TN:
SF:components/verdict-card.tsx
FN:4,fmt
FN:9,VerdictCard
FNF:2
FNH:2
FNDA:15,fmt
FNDA:7,VerdictCard
DA:5,15
DA:6,15
DA:10,7
DA:11,7
DA:13,7
LF:5
LH:5
BRDA:5,0,0,0
BRDA:5,0,1,15
BRDA:11,1,0,7
BRDA:11,1,1,6
BRDA:28,2,0,5
BRDA:28,2,1,2
BRDA:43,3,0,7
BRDA:43,3,1,7
BRDA:52,4,0,7
BRDA:52,4,1,7
BRDA:61,5,0,7
BRDA:61,5,1,7
BRDA:72,6,0,7
BRDA:72,6,1,0
BRDA:72,6,2,7
BRDA:74,7,0,7
BRDA:74,7,1,7
BRDA:80,8,0,7
BRDA:80,8,1,7
BRF:19
BRH:17
end_of_record
